#
# A fatal error has been detected by the Java Runtime Environment:
#
#  EXCEPTION_ACCESS_VIOLATION (0xc0000005) at pc=0x508e7fa5, pid=7024, tid=0x0000373c
#
# JRE version: Java(TM) SE Runtime Environment (8.0_181-b13) (build 1.8.0_181-b13)
# Java VM: Java HotSpot(TM) Client VM (25.181-b13 mixed mode windows-x86 )
# Problematic frame:
# C  [ig9icd32.dll+0x77fa5]
#
# Failed to write core dump. Minidumps are not enabled by default on client versions of Windows
#
# If you would like to submit a bug report, please visit:
#   http://bugreport.java.com/bugreport/crash.jsp
# The crash happened outside the Java Virtual Machine in native code.
# See problematic frame for where to report the bug.
#

---------------  T H R E A D  ---------------

Current thread (0x15230000):  JavaThread "LWJGL Application" [_thread_in_native, id=14140, stack(0x15d80000,0x15dd0000)]

siginfo: ExceptionCode=0xc0000005, reading address 0x16736de8

Registers:
EAX=0x16736de8, EBX=0x1b3aeec0, ECX=0x009cb817, EDX=0x00000006
ESP=0x15dcf000, EBP=0x15dcf014, ESI=0x00000000, EDI=0x03c74d28
EIP=0x508e7fa5, EFLAGS=0x00010216

Top of Stack: (sp=0x15dcf000)
0x15dcf000:   009b4c80 1a3abb10 15dcf020 00000000
0x15dcf010:   0000ffff 15dcf04c 508ea5ac 1a3abb10
0x15dcf020:   16736de8 00000006 15dcf054 15dcf048
0x15dcf030:   009b4c80 00000006 009cb7f0 00000000
0x15dcf040:   0000000c 009cb82c 00060000 15dcf068
0x15dcf050:   50ac25e6 00000006 00000006 00000006
0x15dcf060:   009b4c80 0000000c 15dcf084 50a1efc1
0x15dcf070:   009b4c80 00000004 00000006 00000004 

Instructions: (pc=0x508e7fa5)
0x508e7f85:   0f b7 f6 89 75 f8 0f 77 8b 7d 0c 8b 55 10 eb 0a
0x508e7f95:   8b 7d 08 33 f6 eb 03 8b 75 f8 85 d2 74 44 2b f8
0x508e7fa5:   0f b7 08 8d 40 02 8b f1 66 89 4c 07 fe 8b 4d fc
0x508e7fb5:   4a 66 39 75 fc 89 55 10 8b d6 0f b7 c9 0f 46 d1 


Register to memory mapping:

EAX=0x16736de8 is an unknown value
EBX=0x1b3aeec0 is an unknown value
ECX=0x009cb817 is an unknown value
EDX=0x00000006 is an unknown value
ESP=0x15dcf000 is pointing into the stack for thread: 0x15230000
EBP=0x15dcf014 is pointing into the stack for thread: 0x15230000
ESI=0x00000000 is an unknown value
EDI=0x03c74d28 is an unknown value


Stack: [0x15d80000,0x15dd0000],  sp=0x15dcf000,  free space=316k
Native frames: (J=compiled Java code, j=interpreted, Vv=VM code, C=native code)
C  [ig9icd32.dll+0x77fa5]
C  [ig9icd32.dll+0x7a5ac]
C  [ig9icd32.dll+0x2525e6]
C  [ig9icd32.dll+0x1aefc1]
C  [ig9icd32.dll+0x252901]
C  [ig9icd32.dll+0x252d2b]
C  [OPENGL32.dll+0x2b404]
C  [lwjgl.dll+0x8508]
j  org.lwjgl.opengl.GL11.glDrawElements(ILjava/nio/ShortBuffer;)V+34
j  com.badlogic.gdx.backends.lwjgl.LwjglGL20.glDrawElements(IIILjava/nio/Buffer;)V+21
j  com.badlogic.gdx.graphics.Mesh.render(Lcom/badlogic/gdx/graphics/glutils/ShaderProgram;IIIZ)V+88
j  com.badlogic.gdx.graphics.Mesh.render(Lcom/badlogic/gdx/graphics/glutils/ShaderProgram;III)V+10
j  com.badlogic.gdx.graphics.g2d.SpriteBatch.flush()V+176
j  com.badlogic.gdx.graphics.g2d.SpriteBatch.switchTexture(Lcom/badlogic/gdx/graphics/Texture;)V+1
j  com.badlogic.gdx.graphics.g2d.SpriteBatch.draw(Lcom/badlogic/gdx/graphics/g2d/TextureRegion;FFFF)V+41
j  com.badlogic.gdx.graphics.g2d.SpriteBatch.draw(Lcom/badlogic/gdx/graphics/g2d/TextureRegion;FF)V+14
j  HelloWorld.render()V+181
j  com.badlogic.gdx.backends.lwjgl.LwjglApplication.mainLoop()V+684
j  com.badlogic.gdx.backends.lwjgl.LwjglApplication$1.run()V+27
v  ~StubRoutines::call_stub
V  [jvm.dll+0x15c065]
V  [jvm.dll+0x223ade]
V  [jvm.dll+0x15c0fe]
V  [jvm.dll+0x15c286]
V  [jvm.dll+0x15c2f7]
V  [jvm.dll+0x10016f]
V  [jvm.dll+0x17f280]
V  [jvm.dll+0x17fafa]
V  [jvm.dll+0x1c5416]
C  [msvcr100.dll+0x5c556]
C  [msvcr100.dll+0x5c600]
C  [KERNEL32.DLL+0x18494]
C  [ntdll.dll+0x641c8]
C  [ntdll.dll+0x64198]
C  0x00000000

Java frames: (J=compiled Java code, j=interpreted, Vv=VM code)
j  org.lwjgl.opengl.GL11.nglDrawElements(IIIJJ)V+0
j  org.lwjgl.opengl.GL11.glDrawElements(ILjava/nio/ShortBuffer;)V+34
j  com.badlogic.gdx.backends.lwjgl.LwjglGL20.glDrawElements(IIILjava/nio/Buffer;)V+21
j  com.badlogic.gdx.graphics.Mesh.render(Lcom/badlogic/gdx/graphics/glutils/ShaderProgram;IIIZ)V+88
j  com.badlogic.gdx.graphics.Mesh.render(Lcom/badlogic/gdx/graphics/glutils/ShaderProgram;III)V+10
j  com.badlogic.gdx.graphics.g2d.SpriteBatch.flush()V+176
j  com.badlogic.gdx.graphics.g2d.SpriteBatch.switchTexture(Lcom/badlogic/gdx/graphics/Texture;)V+1
j  com.badlogic.gdx.graphics.g2d.SpriteBatch.draw(Lcom/badlogic/gdx/graphics/g2d/TextureRegion;FFFF)V+41
j  com.badlogic.gdx.graphics.g2d.SpriteBatch.draw(Lcom/badlogic/gdx/graphics/g2d/TextureRegion;FF)V+14
j  HelloWorld.render()V+181
j  com.badlogic.gdx.backends.lwjgl.LwjglApplication.mainLoop()V+684
j  com.badlogic.gdx.backends.lwjgl.LwjglApplication$1.run()V+27
v  ~StubRoutines::call_stub

---------------  P R O C E S S  ---------------

Java Threads: ( => current thread )
  0x15439400 JavaThread "LWJGL Timer" daemon [_thread_blocked, id=9324, stack(0x1bbc0000,0x1bc10000)]
  0x00ffe000 JavaThread "DestroyJavaVM" [_thread_blocked, id=13304, stack(0x00a50000,0x00aa0000)]
=>0x15230000 JavaThread "LWJGL Application" [_thread_in_native, id=14140, stack(0x15d80000,0x15dd0000)]
  0x14a8e800 JavaThread "Service Thread" daemon [_thread_blocked, id=14968, stack(0x150b0000,0x15100000)]
  0x14a86800 JavaThread "C1 CompilerThread0" daemon [_thread_blocked, id=9012, stack(0x15020000,0x15070000)]
  0x14a90c00 JavaThread "Attach Listener" daemon [_thread_blocked, id=14792, stack(0x14f90000,0x14fe0000)]
  0x14a8fc00 JavaThread "Signal Dispatcher" daemon [_thread_blocked, id=13188, stack(0x14f00000,0x14f50000)]
  0x14a7bc00 JavaThread "Finalizer" daemon [_thread_blocked, id=8524, stack(0x14d80000,0x14dd0000)]
  0x14a66000 JavaThread "Reference Handler" daemon [_thread_blocked, id=11724, stack(0x14cf0000,0x14d40000)]

Other Threads:
  0x00fce800 VMThread [stack: 0x14c60000,0x14cb0000] [id=7544]
  0x14abf000 WatcherThread [stack: 0x15140000,0x15190000] [id=14436]

VM state:not at safepoint (normal execution)

VM Mutex/Monitor currently owned by a thread: None

Heap:
 def new generation   total 4928K, used 3462K [0x04600000, 0x04b50000, 0x09b50000)
  eden space 4416K,  77% used [0x04600000, 0x04956350, 0x04a50000)
  from space 512K,   8% used [0x04a50000, 0x04a5b738, 0x04ad0000)
  to   space 512K,   0% used [0x04ad0000, 0x04ad0000, 0x04b50000)
 tenured generation   total 10944K, used 2149K [0x09b50000, 0x0a600000, 0x14600000)
   the space 10944K,  19% used [0x09b50000, 0x09d69668, 0x09d69800, 0x0a600000)
 Metaspace       used 4107K, capacity 4161K, committed 4288K, reserved 4480K

Card table byte_map: [0x01080000,0x01110000] byte_map_base: 0x0105d000

Polling page: 0x00780000

CodeCache: size=32768Kb used=980Kb max_used=980Kb free=31787Kb
 bounds [0x02590000, 0x02688000, 0x04590000]
 total_blobs=462 nmethods=205 adapters=188
 compilation: enabled

Compilation events (10 events):
Event: 4.590 Thread 0x14a86800  200             org.lwjgl.opengl.Sync$RunningAvg::avg (37 bytes)
Event: 4.590 Thread 0x14a86800 nmethod 200 0x02684148 code [0x02684240, 0x02684330]
Event: 4.897 Thread 0x14a86800  201             com.badlogic.gdx.graphics.glutils.ShaderProgram::checkManaged (25 bytes)
Event: 4.897 Thread 0x14a86800 nmethod 201 0x02684408 code [0x02684500, 0x026845bc]
Event: 5.060 Thread 0x14a86800  202             java.lang.String::substring (56 bytes)
Event: 5.060 Thread 0x14a86800 nmethod 202 0x02684648 code [0x02684770, 0x02684934]
Event: 5.583 Thread 0x14a86800  204             java.net.URL::getPath (5 bytes)
Event: 5.583 Thread 0x14a86800 nmethod 204 0x02684d48 code [0x02684e40, 0x02684ec0]
Event: 5.607 Thread 0x14a86800  205             java.io.File::isInvalid (47 bytes)
Event: 5.608 Thread 0x14a86800 nmethod 205 0x02684f08 code [0x02685010, 0x0268510c]

GC Heap History (10 events):
Event: 0.970 GC heap before
{Heap before GC invocations=1 (full 0):
 def new generation   total 4928K, used 4823K [0x04600000, 0x04b50000, 0x09b50000)
  eden space 4416K,  97% used [0x04600000, 0x04a35e98, 0x04a50000)
  from space 512K, 100% used [0x04ad0000, 0x04b50000, 0x04b50000)
  to   space 512K,   0% used [0x04a50000, 0x04a50000, 0x04ad0000)
 tenured generation   total 10944K, used 755K [0x09b50000, 0x0a600000, 0x14600000)
   the space 10944K,   6% used [0x09b50000, 0x09c0cd78, 0x09c0ce00, 0x0a600000)
 Metaspace       used 4088K, capacity 4129K, committed 4160K, reserved 4480K
Event: 0.973 GC heap after
Heap after GC invocations=2 (full 0):
 def new generation   total 4928K, used 512K [0x04600000, 0x04b50000, 0x09b50000)
  eden space 4416K,   0% used [0x04600000, 0x04600000, 0x04a50000)
  from space 512K, 100% used [0x04a50000, 0x04ad0000, 0x04ad0000)
  to   space 512K,   0% used [0x04ad0000, 0x04ad0000, 0x04b50000)
 tenured generation   total 10944K, used 1792K [0x09b50000, 0x0a600000, 0x14600000)
   the space 10944K,  16% used [0x09b50000, 0x09d103d8, 0x09d10400, 0x0a600000)
 Metaspace       used 4088K, capacity 4129K, committed 4160K, reserved 4480K
}
Event: 1.982 GC heap before
{Heap before GC invocations=2 (full 0):
 def new generation   total 4928K, used 4928K [0x04600000, 0x04b50000, 0x09b50000)
  eden space 4416K, 100% used [0x04600000, 0x04a50000, 0x04a50000)
  from space 512K, 100% used [0x04a50000, 0x04ad0000, 0x04ad0000)
  to   space 512K,   0% used [0x04ad0000, 0x04ad0000, 0x04b50000)
 tenured generation   total 10944K, used 1792K [0x09b50000, 0x0a600000, 0x14600000)
   the space 10944K,  16% used [0x09b50000, 0x09d103d8, 0x09d10400, 0x0a600000)
 Metaspace       used 4095K, capacity 4129K, committed 4160K, reserved 4480K
Event: 1.983 GC heap after
Heap after GC invocations=3 (full 0):
 def new generation   total 4928K, used 30K [0x04600000, 0x04b50000, 0x09b50000)
  eden space 4416K,   0% used [0x04600000, 0x04600000, 0x04a50000)
  from space 512K,   5% used [0x04ad0000, 0x04ad7930, 0x04b50000)
  to   space 512K,   0% used [0x04a50000, 0x04a50000, 0x04ad0000)
 tenured generation   total 10944K, used 2149K [0x09b50000, 0x0a600000, 0x14600000)
   the space 10944K,  19% used [0x09b50000, 0x09d69668, 0x09d69800, 0x0a600000)
 Metaspace       used 4095K, capacity 4129K, committed 4160K, reserved 4480K
}
Event: 2.977 GC heap before
{Heap before GC invocations=3 (full 0):
 def new generation   total 4928K, used 4270K [0x04600000, 0x04b50000, 0x09b50000)
  eden space 4416K,  96% used [0x04600000, 0x04a24270, 0x04a50000)
  from space 512K,   5% used [0x04ad0000, 0x04ad7930, 0x04b50000)
  to   space 512K,   0% used [0x04a50000, 0x04a50000, 0x04ad0000)
 tenured generation   total 10944K, used 2149K [0x09b50000, 0x0a600000, 0x14600000)
   the space 10944K,  19% used [0x09b50000, 0x09d69668, 0x09d69800, 0x0a600000)
 Metaspace       used 4099K, capacity 4161K, committed 4288K, reserved 4480K
Event: 2.978 GC heap after
Heap after GC invocations=4 (full 0):
 def new generation   total 4928K, used 32K [0x04600000, 0x04b50000, 0x09b50000)
  eden space 4416K,   0% used [0x04600000, 0x04600000, 0x04a50000)
  from space 512K,   6% used [0x04a50000, 0x04a58190, 0x04ad0000)
  to   space 512K,   0% used [0x04ad0000, 0x04ad0000, 0x04b50000)
 tenured generation   total 10944K, used 2149K [0x09b50000, 0x0a600000, 0x14600000)
   the space 10944K,  19% used [0x09b50000, 0x09d69668, 0x09d69800, 0x0a600000)
 Metaspace       used 4099K, capacity 4161K, committed 4288K, reserved 4480K
}
Event: 3.974 GC heap before
{Heap before GC invocations=4 (full 0):
 def new generation   total 4928K, used 4448K [0x04600000, 0x04b50000, 0x09b50000)
  eden space 4416K, 100% used [0x04600000, 0x04a50000, 0x04a50000)
  from space 512K,   6% used [0x04a50000, 0x04a58190, 0x04ad0000)
  to   space 512K,   0% used [0x04ad0000, 0x04ad0000, 0x04b50000)
 tenured generation   total 10944K, used 2149K [0x09b50000, 0x0a600000, 0x14600000)
   the space 10944K,  19% used [0x09b50000, 0x09d69668, 0x09d69800, 0x0a600000)
 Metaspace       used 4099K, capacity 4161K, committed 4288K, reserved 4480K
Event: 3.974 GC heap after
Heap after GC invocations=5 (full 0):
 def new generation   total 4928K, used 37K [0x04600000, 0x04b50000, 0x09b50000)
  eden space 4416K,   0% used [0x04600000, 0x04600000, 0x04a50000)
  from space 512K,   7% used [0x04ad0000, 0x04ad9410, 0x04b50000)
  to   space 512K,   0% used [0x04a50000, 0x04a50000, 0x04ad0000)
 tenured generation   total 10944K, used 2149K [0x09b50000, 0x0a600000, 0x14600000)
   the space 10944K,  19% used [0x09b50000, 0x09d69668, 0x09d69800, 0x0a600000)
 Metaspace       used 4099K, capacity 4161K, committed 4288K, reserved 4480K
}
Event: 4.908 GC heap before
{Heap before GC invocations=5 (full 0):
 def new generation   total 4928K, used 4269K [0x04600000, 0x04b50000, 0x09b50000)
  eden space 4416K,  95% used [0x04600000, 0x04a22090, 0x04a50000)
  from space 512K,   7% used [0x04ad0000, 0x04ad9410, 0x04b50000)
  to   space 512K,   0% used [0x04a50000, 0x04a50000, 0x04ad0000)
 tenured generation   total 10944K, used 2149K [0x09b50000, 0x0a600000, 0x14600000)
   the space 10944K,  19% used [0x09b50000, 0x09d69668, 0x09d69800, 0x0a600000)
 Metaspace       used 4099K, capacity 4161K, committed 4288K, reserved 4480K
Event: 4.909 GC heap after
Heap after GC invocations=6 (full 0):
 def new generation   total 4928K, used 45K [0x04600000, 0x04b50000, 0x09b50000)
  eden space 4416K,   0% used [0x04600000, 0x04600000, 0x04a50000)
  from space 512K,   8% used [0x04a50000, 0x04a5b738, 0x04ad0000)
  to   space 512K,   0% used [0x04ad0000, 0x04ad0000, 0x04b50000)
 tenured generation   total 10944K, used 2149K [0x09b50000, 0x0a600000, 0x14600000)
   the space 10944K,  19% used [0x09b50000, 0x09d69668, 0x09d69800, 0x0a600000)
 Metaspace       used 4099K, capacity 4161K, committed 4288K, reserved 4480K
}

Deoptimization events (0 events):
No events

Classes redefined (0 events):
No events

Internal exceptions (10 events):
Event: 0.169 Thread 0x00ffe000 Exception <a 'java/security/PrivilegedActionException'> (0x047ca8f8) thrown at [C:\workspace\8-2-build-windows-i586-cygwin\jdk8u181\11358\hotspot\src\share\vm\prims\jvm.cpp, line 1435]
Event: 0.169 Thread 0x00ffe000 Exception <a 'java/security/PrivilegedActionException'> (0x047caaf8) thrown at [C:\workspace\8-2-build-windows-i586-cygwin\jdk8u181\11358\hotspot\src\share\vm\prims\jvm.cpp, line 1435]
Event: 0.170 Thread 0x00ffe000 Exception <a 'java/security/PrivilegedActionException'> (0x047ce930) thrown at [C:\workspace\8-2-build-windows-i586-cygwin\jdk8u181\11358\hotspot\src\share\vm\prims\jvm.cpp, line 1435]
Event: 0.170 Thread 0x00ffe000 Exception <a 'java/security/PrivilegedActionException'> (0x047ceb30) thrown at [C:\workspace\8-2-build-windows-i586-cygwin\jdk8u181\11358\hotspot\src\share\vm\prims\jvm.cpp, line 1435]
Event: 0.352 Thread 0x00ffe000 Exception <a 'java/security/PrivilegedActionException'> (0x048b2a50) thrown at [C:\workspace\8-2-build-windows-i586-cygwin\jdk8u181\11358\hotspot\src\share\vm\prims\jvm.cpp, line 1435]
Event: 0.352 Thread 0x00ffe000 Exception <a 'java/security/PrivilegedActionException'> (0x048b44d8) thrown at [C:\workspace\8-2-build-windows-i586-cygwin\jdk8u181\11358\hotspot\src\share\vm\prims\jvm.cpp, line 1435]
Event: 0.352 Thread 0x00ffe000 Exception <a 'java/security/PrivilegedActionException'> (0x048b5530) thrown at [C:\workspace\8-2-build-windows-i586-cygwin\jdk8u181\11358\hotspot\src\share\vm\prims\jvm.cpp, line 1435]
Event: 0.352 Thread 0x00ffe000 Exception <a 'java/security/PrivilegedActionException'> (0x048ba028) thrown at [C:\workspace\8-2-build-windows-i586-cygwin\jdk8u181\11358\hotspot\src\share\vm\prims\jvm.cpp, line 1435]
Event: 0.353 Thread 0x00ffe000 Exception <a 'java/security/PrivilegedActionException'> (0x048babe8) thrown at [C:\workspace\8-2-build-windows-i586-cygwin\jdk8u181\11358\hotspot\src\share\vm\prims\jvm.cpp, line 1435]
Event: 0.353 Thread 0x00ffe000 Exception <a 'java/security/PrivilegedActionException'> (0x048bb768) thrown at [C:\workspace\8-2-build-windows-i586-cygwin\jdk8u181\11358\hotspot\src\share\vm\prims\jvm.cpp, line 1435]

Events (10 events):
Event: 4.911 Executing VM operation: RevokeBias
Event: 4.911 Executing VM operation: RevokeBias done
Event: 4.911 Executing VM operation: RevokeBias
Event: 4.911 Executing VM operation: RevokeBias done
Event: 4.911 Executing VM operation: BulkRevokeBias
Event: 4.911 Executing VM operation: BulkRevokeBias done
Event: 5.581 loading class org/lwjgl/opengl/WindowsKeycodes
Event: 5.581 loading class org/lwjgl/opengl/WindowsKeycodes done
Event: 5.582 loading class com/badlogic/gdx/backends/lwjgl/LwjglInput$KeyEvent
Event: 5.582 loading class com/badlogic/gdx/backends/lwjgl/LwjglInput$KeyEvent done


Dynamic libraries:
0x01140000 - 0x01173000 	C:\Program Files (x86)\Java\jre1.8.0_181\bin\javaw.exe
0x77b50000 - 0x77ce0000 	C:\WINDOWS\SYSTEM32\ntdll.dll
0x77370000 - 0x77450000 	C:\WINDOWS\System32\KERNEL32.DLL
0x75270000 - 0x75454000 	C:\WINDOWS\System32\KERNELBASE.dll
0x75750000 - 0x757c8000 	C:\WINDOWS\System32\ADVAPI32.dll
0x74bf0000 - 0x74caf000 	C:\WINDOWS\System32\msvcrt.dll
0x74430000 - 0x74474000 	C:\WINDOWS\System32\sechost.dll
0x74520000 - 0x745e0000 	C:\WINDOWS\System32\RPCRT4.dll
0x74410000 - 0x74430000 	C:\WINDOWS\System32\SspiCli.dll
0x74400000 - 0x7440a000 	C:\WINDOWS\System32\CRYPTBASE.dll
0x75160000 - 0x751b8000 	C:\WINDOWS\System32\bcryptPrimitives.dll
0x755a0000 - 0x7572d000 	C:\WINDOWS\System32\USER32.dll
0x74cb0000 - 0x74cc7000 	C:\WINDOWS\System32\win32u.dll
0x754c0000 - 0x754e2000 	C:\WINDOWS\System32\GDI32.dll
0x74870000 - 0x749d4000 	C:\WINDOWS\System32\gdi32full.dll
0x74a40000 - 0x74abd000 	C:\WINDOWS\System32\msvcp_win.dll
0x745e0000 - 0x746fd000 	C:\WINDOWS\System32\ucrtbase.dll
0x6c430000 - 0x6c634000 	C:\WINDOWS\WinSxS\x86_microsoft.windows.common-controls_6595b64144ccf1df_6.0.17134.648_none_42f2d7c044decfd8\COMCTL32.dll
0x75dc0000 - 0x7601c000 	C:\WINDOWS\System32\combase.dll
0x77600000 - 0x77626000 	C:\WINDOWS\System32\IMM32.DLL
0x631f0000 - 0x632af000 	C:\Program Files (x86)\Java\jre1.8.0_181\bin\msvcr100.dll
0x607c0000 - 0x60b93000 	C:\Program Files (x86)\Java\jre1.8.0_181\bin\client\jvm.dll
0x75db0000 - 0x75db6000 	C:\WINDOWS\System32\PSAPI.DLL
0x6f390000 - 0x6f3b4000 	C:\WINDOWS\SYSTEM32\WINMM.dll
0x69d00000 - 0x69d08000 	C:\WINDOWS\SYSTEM32\WSOCK32.dll
0x74160000 - 0x74168000 	C:\WINDOWS\SYSTEM32\VERSION.dll
0x751c0000 - 0x75227000 	C:\WINDOWS\System32\WS2_32.dll
0x6f360000 - 0x6f383000 	C:\WINDOWS\SYSTEM32\WINMMBASE.dll
0x75230000 - 0x75269000 	C:\WINDOWS\System32\cfgmgr32.dll
0x6ef00000 - 0x6ef0c000 	C:\Program Files (x86)\Java\jre1.8.0_181\bin\verify.dll
0x6cd10000 - 0x6cd32000 	C:\Program Files (x86)\Java\jre1.8.0_181\bin\java.dll
0x6ccb0000 - 0x6ccc4000 	C:\Program Files (x86)\Java\jre1.8.0_181\bin\zip.dll
0x76020000 - 0x7736a000 	C:\WINDOWS\System32\SHELL32.dll
0x74490000 - 0x74518000 	C:\WINDOWS\System32\shcore.dll
0x757f0000 - 0x75daa000 	C:\WINDOWS\System32\windows.storage.dll
0x74720000 - 0x74765000 	C:\WINDOWS\System32\shlwapi.dll
0x74480000 - 0x7448f000 	C:\WINDOWS\System32\kernel.appcore.dll
0x74700000 - 0x74718000 	C:\WINDOWS\System32\profapi.dll
0x74ac0000 - 0x74b05000 	C:\WINDOWS\System32\powrprof.dll
0x75740000 - 0x75748000 	C:\WINDOWS\System32\FLTLIB.DLL
0x6cec0000 - 0x6cf33000 	C:\Users\Kevin\AppData\Local\Temp\libgdxKevin\8e8a55dd\gdx.dll
0x725b0000 - 0x725c3000 	C:\WINDOWS\SYSTEM32\CRYPTSP.dll
0x72580000 - 0x725af000 	C:\WINDOWS\system32\rsaenh.dll
0x72560000 - 0x72579000 	C:\WINDOWS\SYSTEM32\bcrypt.dll
0x742e0000 - 0x74301000 	C:\WINDOWS\SYSTEM32\USERENV.dll
0x6cc90000 - 0x6cca5000 	C:\Program Files (x86)\Java\jre1.8.0_181\bin\net.dll
0x71a10000 - 0x71a66000 	C:\WINDOWS\system32\mswsock.dll
0x6e950000 - 0x6e980000 	C:\WINDOWS\SYSTEM32\IPHLPAPI.DLL
0x75730000 - 0x75737000 	C:\WINDOWS\System32\NSI.dll
0x6b4c0000 - 0x6b4d3000 	C:\WINDOWS\SYSTEM32\dhcpcsvc6.DLL
0x6b4a0000 - 0x6b4b4000 	C:\WINDOWS\SYSTEM32\dhcpcsvc.DLL
0x6cd00000 - 0x6cd0f000 	C:\Program Files (x86)\Java\jre1.8.0_181\bin\nio.dll
0x158d0000 - 0x1591f000 	C:\Users\Kevin\AppData\Local\Temp\libgdxKevin\68069333\lwjgl.dll
0x66560000 - 0x66639000 	C:\WINDOWS\SYSTEM32\OPENGL32.dll
0x66520000 - 0x6655f000 	C:\WINDOWS\SYSTEM32\GLU32.dll
0x15920000 - 0x15985000 	C:\Users\Kevin\AppData\Local\Temp\libgdxKevin\68069333\OpenAL32.dll
0x74770000 - 0x7486c000 	C:\WINDOWS\System32\ole32.dll
0x703e0000 - 0x7045c000 	C:\WINDOWS\system32\uxtheme.dll
0x75070000 - 0x750f3000 	C:\WINDOWS\System32\clbcatq.dll
0x6f140000 - 0x6f2c0000 	C:\WINDOWS\System32\PROPSYS.dll
0x75500000 - 0x75596000 	C:\WINDOWS\System32\OLEAUT32.dll
0x64fd0000 - 0x65051000 	C:\WINDOWS\SYSTEM32\dsound.dll
0x6f2c0000 - 0x6f31c000 	C:\WINDOWS\System32\MMDevApi.dll
0x74260000 - 0x74282000 	C:\WINDOWS\System32\DEVOBJ.dll
0x6f040000 - 0x6f13b000 	C:\WINDOWS\SYSTEM32\AUDIOSES.DLL
0x6ee10000 - 0x6eee6000 	C:\WINDOWS\SYSTEM32\wintypes.dll
0x6eef0000 - 0x6eef8000 	C:\WINDOWS\SYSTEM32\AVRT.dll
0x77460000 - 0x775a3000 	C:\WINDOWS\System32\MSCTF.dll
0x6f320000 - 0x6f343000 	C:\WINDOWS\system32\dwmapi.dll
0x56910000 - 0x5698d000 	C:\WINDOWS\System32\TextInputFramework.dll
0x564f0000 - 0x5674d000 	C:\WINDOWS\System32\CoreUIComponents.dll
0x56750000 - 0x567db000 	C:\WINDOWS\System32\CoreMessaging.dll
0x714c0000 - 0x714e9000 	C:\WINDOWS\SYSTEM32\ntmarta.dll
0x6b180000 - 0x6b1d6000 	C:\WINDOWS\system32\Oleacc.dll
0x50870000 - 0x5129a000 	C:\WINDOWS\System32\DriverStore\FileRepository\igdlh64.inf_amd64_463164d40c3d26ce\ig9icd32.dll
0x74310000 - 0x7431f000 	C:\WINDOWS\SYSTEM32\WTSAPI32.dll
0x6c640000 - 0x6c6ce000 	C:\WINDOWS\SYSTEM32\mscms.dll
0x6b160000 - 0x6b16c000 	C:\WINDOWS\SYSTEM32\ColorAdapterClient.dll
0x65270000 - 0x652ae000 	C:\WINDOWS\SYSTEM32\icm32.dll
0x5f870000 - 0x6074c000 	C:\WINDOWS\System32\DriverStore\FileRepository\igdlh64.inf_amd64_463164d40c3d26ce\igc32.dll
0x67dd0000 - 0x67e68000 	C:\WINDOWS\SYSTEM32\dxgi.dll
0x67a00000 - 0x67c52000 	C:\WINDOWS\SYSTEM32\d3d11.dll
0x61f40000 - 0x62ff9000 	C:\WINDOWS\System32\DriverStore\FileRepository\igdlh64.inf_amd64_463164d40c3d26ce\igd10iumd32.dll
0x684d0000 - 0x684ef000 	C:\WINDOWS\SYSTEM32\ncrypt.dll
0x68390000 - 0x683bd000 	C:\WINDOWS\SYSTEM32\NTASN1.dll
0x6ec80000 - 0x6ee02000 	C:\WINDOWS\SYSTEM32\dbghelp.dll

VM Arguments:
jvm_args: -Dfile.encoding=Cp1252 
java_command: HelloWorld
java_class_path (initial): C:\Program Files (x86)\Java\jre1.8.0_181\lib\resources.jar;C:\Program Files (x86)\Java\jre1.8.0_181\lib\rt.jar;C:\Program Files (x86)\Java\jre1.8.0_181\lib\jsse.jar;C:\Program Files (x86)\Java\jre1.8.0_181\lib\jce.jar;C:\Program Files (x86)\Java\jre1.8.0_181\lib\charsets.jar;C:\Program Files (x86)\Java\jre1.8.0_181\lib\jfr.jar;C:\Program Files (x86)\Java\jre1.8.0_181\lib\ext\access-bridge-32.jar;C:\Program Files (x86)\Java\jre1.8.0_181\lib\ext\cldrdata.jar;C:\Program Files (x86)\Java\jre1.8.0_181\lib\ext\dnsns.jar;C:\Program Files (x86)\Java\jre1.8.0_181\lib\ext\jaccess.jar;C:\Program Files (x86)\Java\jre1.8.0_181\lib\ext\jfxrt.jar;C:\Program Files (x86)\Java\jre1.8.0_181\lib\ext\localedata.jar;C:\Program Files (x86)\Java\jre1.8.0_181\lib\ext\nashorn.jar;C:\Program Files (x86)\Java\jre1.8.0_181\lib\ext\sunec.jar;C:\Program Files (x86)\Java\jre1.8.0_181\lib\ext\sunjce_provider.jar;C:\Program Files (x86)\Java\jre1.8.0_181\lib\ext\sunmscapi.jar;C:\Program Files (x86)\Java\jre1.8.0_181\lib\ext\sunpkcs11.jar;C:\Program Files (x86)\Java\jre1.8.0_181\lib\ext\zipfs.jar;C:\Users\Kevin\Documents\GitHub\TeamSoftwareProjectST6\SealTeam6Game\bin;C:\Libraries\gdx.jar;C:\Libraries\gdx-backend-android.jar;C:\Libraries\gdx-backend-gwt.jar;C:\Libraries\gdx-backend-headless.jar;C:\Libraries\gdx-backend-jglfw.jar;C:\Libraries\gdx-backend-jglfw-natives.jar;C:\Libraries\gdx-backend-lwjgl.jar;C:\Libraries\gdx-backend-lwjgl-natives.jar;C:\Libraries\gdx-backend-robovm.jar;C:\Libraries\gdx-natives.jar;C:\Libraries\gdx-setup.jar;C:\Users\Kevin\Documents\GitHub\TeamSoftwareProjectST6\SealTeam6Game\gdx-box2d\gdx-box2d-gwt.jar;C:\Users\Kevin\Documents\GitHub\TeamSoftwareProjectST6\SealTeam6Game\gdx-box2d\gdx-box2d-natives.jar;C:\Users\Kevin\Documents\GitHub\TeamSoftwareProjectST6\SealTeam6Game\gdx-box2d\gdx-box2d.jar;C:\Users\Kevin\Documents\GitHub\TeamSoftwareProjectST6\SealTeam6Game\sources\gdx-backend-android-sources.jar;C:\Users\Kevin\Documents\GitHub\TeamSoftwar
Launcher Type: SUN_STANDARD

Environment Variables:
PATH=C:/Program Files (x86)/Java/jre1.8.0_181/bin/client;C:/Program Files (x86)/Java/jre1.8.0_181/bin;C:/Program Files (x86)/Java/jre1.8.0_181/lib/i386;C:\Program Files (x86)\Common Files\Oracle\Java\javapath;C:\Program Files (x86)\Intel\iCLS Client\;C:\Program Files\Intel\iCLS Client\;C:\WINDOWS\system32;C:\WINDOWS;C:\WINDOWS\System32\Wbem;C:\WINDOWS\System32\WindowsPowerShell\v1.0\;C:\Program Files (x86)\Intel\Intel(R) Management Engine Components\DAL;C:\Program Files\Intel\Intel(R) Management Engine Components\DAL;C:\Program Files (x86)\Intel\Intel(R) Management Engine Components\IPT;C:\Program Files\Intel\Intel(R) Management Engine Components\IPT;C:\Program Files\Intel\WiFi\bin\;C:\Program Files\Common Files\Intel\WirelessCommon\;C:\WINDOWS\System32\OpenSSH\;C:\Program Files\PuTTY\;C:\Users\Kevin\AppData\Local\Microsoft\WindowsApps;C:\Users\Kevin\AppData\Local\GitHubDesktop\bin;C:\Users\Kevin\Documents\eclipse;
USERNAME=Kevin
OS=Windows_NT
PROCESSOR_IDENTIFIER=Intel64 Family 6 Model 78 Stepping 3, GenuineIntel



---------------  S Y S T E M  ---------------

OS: Windows 10.0 , 64 bit Build 17134 (10.0.17134.648)

CPU:total 4 (initial active 4) (2 cores per cpu, 2 threads per core) family 6 model 78 stepping 3, cmov, cx8, fxsr, mmx, sse, sse2, sse3, ssse3, sse4.1, sse4.2, popcnt, avx, avx2, aes, clmul, erms, 3dnowpref, lzcnt, ht, tsc, tscinvbit, bmi1, bmi2, adx

Memory: 4k page, physical 12443928k(7991088k free), swap 33091372k(25975804k free)

vm_info: Java HotSpot(TM) Client VM (25.181-b13) for windows-x86 JRE (1.8.0_181-b13), built on Jul  7 2018 03:18:20 by "java_re" with MS VC++ 10.0 (VS2010)

time: Wed Mar 27 11:20:54 2019
elapsed time: 5 seconds (0d 0h 0m 5s)

