#
# A fatal error has been detected by the Java Runtime Environment:
#
#  EXCEPTION_ACCESS_VIOLATION (0xc0000005) at pc=0x77b9761f, pid=15312, tid=0x00002f14
#
# JRE version: Java(TM) SE Runtime Environment (8.0_181-b13) (build 1.8.0_181-b13)
# Java VM: Java HotSpot(TM) Client VM (25.181-b13 mixed mode windows-x86 )
# Problematic frame:
# C  [ntdll.dll+0x4761f]
#
# Failed to write core dump. Minidumps are not enabled by default on client versions of Windows
#
# If you would like to submit a bug report, please visit:
#   http://bugreport.java.com/bugreport/crash.jsp
# The crash happened outside the Java Virtual Machine in native code.
# See problematic frame for where to report the bug.
#

---------------  T H R E A D  ---------------

Current thread (0x14ffc800):  JavaThread "LWJGL Application" [_thread_in_native, id=12052, stack(0x15b10000,0x15b60000)]

siginfo: ExceptionCode=0xc0000005, reading address 0xbf800000

Registers:
EAX=0x4414c000, EBX=0x164b3558, ECX=0xbf800000, EDX=0x002700c0
ESP=0x15b5ed58, EBP=0x15b5ef18, ESI=0x00002cee, EDI=0x00270000
EIP=0x77b9761f, EFLAGS=0x00010202

Top of Stack: (sp=0x15b5ed58)
0x15b5ed58:   ddf7fa4a 0000cf0c 00270000 15b5ef68
0x15b5ed68:   00000000 00000000 00000000 00000000
0x15b5ed78:   00000000 00000000 00000000 00000000
0x15b5ed88:   00000000 00000000 c2002cee 00000000
0x15b5ed98:   05000005 00020000 c2002cee 00000000
0x15b5eda8:   00000000 00000000 7a000004 01000002
0x15b5edb8:   00108e20 15b5ee10 5090ee30 17001560
0x15b5edc8:   15b5ede0 00000018 000ebc80 00108e20 

Instructions: (pc=0x77b9761f)
0x77b975ff:   e8 d7 7a 09 00 0f b7 33 3b 75 d8 0f 82 07 02 00
0x77b9760f:   00 8b 43 08 89 45 9c 8b 4b 0c 89 8d 7c ff ff ff
0x77b9761f:   8b 09 8b 50 04 3b ca 0f 85 cf 01 00 00 8d 43 08
0x77b9762f:   3b c8 0f 85 c4 01 00 00 29 77 74 8b 8f b4 00 00 


Register to memory mapping:

EAX=0x4414c000 is an unknown value
EBX=0x164b3558 is an unknown value
ECX=0xbf800000 is an unknown value
EDX=0x002700c0 is an unknown value
ESP=0x15b5ed58 is pointing into the stack for thread: 0x14ffc800
EBP=0x15b5ef18 is pointing into the stack for thread: 0x14ffc800
ESI=0x00002cee is an unknown value
EDI=0x00270000 is an unknown value


Stack: [0x15b10000,0x15b60000],  sp=0x15b5ed58,  free space=315k
Native frames: (J=compiled Java code, j=interpreted, Vv=VM code, C=native code)
C  [ntdll.dll+0x4761f]
C  [ntdll.dll+0x45ec9]
C  [ntdll.dll+0x45d3e]
C  [msvcrt.dll+0x472a0]
C  [msvcrt.dll+0x4731b]
C  [gdx.dll+0xd3d4]
C  0x00000100

Java frames: (J=compiled Java code, j=interpreted, Vv=VM code)
J 321  com.badlogic.gdx.graphics.g2d.Gdx2DPixmap.load([J[BII)Ljava/nio/ByteBuffer; (0 bytes) @ 0x029fe795 [0x029fe720+0x75]
J 320 C1 com.badlogic.gdx.graphics.g2d.Gdx2DPixmap.<init>([BIII)V (125 bytes) @ 0x02a05878 [0x02a057b0+0xc8]
J 314 C1 com.badlogic.gdx.graphics.Pixmap.<init>(Lcom/badlogic/gdx/files/FileHandle;)V (63 bytes) @ 0x02a02404 [0x02a02370+0x94]
J 313 C1 com.badlogic.gdx.graphics.TextureData$Factory.loadFromFile(Lcom/badlogic/gdx/files/FileHandle;Lcom/badlogic/gdx/graphics/Pixmap$Format;Z)Lcom/badlogic/gdx/graphics/TextureData; (108 bytes) @ 0x02a017d4 [0x02a01600+0x1d4]
J 350 C1 com.badlogic.gdx.graphics.Texture.<init>(Lcom/badlogic/gdx/files/FileHandle;)V (8 bytes) @ 0x02a0c6c4 [0x02a0c690+0x34]
j  HelloWorld.render()V+37
j  com.badlogic.gdx.backends.lwjgl.LwjglApplication.mainLoop()V+684
j  com.badlogic.gdx.backends.lwjgl.LwjglApplication$1.run()V+27
v  ~StubRoutines::call_stub

---------------  P R O C E S S  ---------------

Java Threads: ( => current thread )
  0x15231800 JavaThread "LWJGL Timer" daemon [_thread_blocked, id=12984, stack(0x1b530000,0x1b580000)]
  0x0004e000 JavaThread "DestroyJavaVM" [_thread_blocked, id=9556, stack(0x028a0000,0x028f0000)]
=>0x14ffc800 JavaThread "LWJGL Application" [_thread_in_native, id=12052, stack(0x15b10000,0x15b60000)]
  0x14a2ec00 JavaThread "Service Thread" daemon [_thread_blocked, id=4796, stack(0x14e90000,0x14ee0000)]
  0x14a27c00 JavaThread "C1 CompilerThread0" daemon [_thread_blocked, id=10704, stack(0x14e00000,0x14e50000)]
  0x14a27400 JavaThread "Attach Listener" daemon [_thread_blocked, id=8748, stack(0x14d70000,0x14dc0000)]
  0x14a30000 JavaThread "Signal Dispatcher" daemon [_thread_blocked, id=1228, stack(0x14ce0000,0x14d30000)]
  0x14a1bc00 JavaThread "Finalizer" daemon [_thread_blocked, id=13408, stack(0x14c50000,0x14ca0000)]
  0x14a05c00 JavaThread "Reference Handler" daemon [_thread_blocked, id=10244, stack(0x14c00000,0x14c50000)]

Other Threads:
  0x007fe800 VMThread [stack: 0x04930000,0x04980000] [id=2044]
  0x14a2f800 WatcherThread [stack: 0x14f20000,0x14f70000] [id=14988]

VM state:not at safepoint (normal execution)

VM Mutex/Monitor currently owned by a thread: None

Heap:
 def new generation   total 4928K, used 4062K [0x04a00000, 0x04f50000, 0x09f50000)
  eden space 4416K,  88% used [0x04a00000, 0x04dd08c8, 0x04e50000)
  from space 512K,  30% used [0x04e50000, 0x04e77150, 0x04ed0000)
  to   space 512K,   0% used [0x04ed0000, 0x04ed0000, 0x04f50000)
 tenured generation   total 10944K, used 2311K [0x09f50000, 0x0aa00000, 0x14a00000)
   the space 10944K,  21% used [0x09f50000, 0x0a191d28, 0x0a191e00, 0x0aa00000)
 Metaspace       used 4104K, capacity 4161K, committed 4288K, reserved 4480K

Card table byte_map: [0x00800000,0x00890000] byte_map_base: 0x007db000

Polling page: 0x00250000

CodeCache: size=32768Kb used=1138Kb max_used=1138Kb free=31629Kb
 bounds [0x028f0000, 0x02a10000, 0x048f0000]
 total_blobs=605 nmethods=348 adapters=188
 compilation: enabled

Compilation events (10 events):
Event: 47.932 Thread 0x14a27c00  346             com.badlogic.gdx.graphics.g2d.Gdx2DPixmap::dispose (8 bytes)
Event: 47.932 Thread 0x14a27c00 nmethod 346 0x02a0b908 code [0x02a0ba00, 0x02a0ba9c]
Event: 48.894 Thread 0x14a27c00  348             com.badlogic.gdx.graphics.glutils.FileTextureData::isManaged (2 bytes)
Event: 48.894 Thread 0x14a27c00 nmethod 348 0x02a0bd88 code [0x02a0be80, 0x02a0bf00]
Event: 48.894 Thread 0x14a27c00  349             com.badlogic.gdx.graphics.Texture::addManagedTexture (42 bytes)
Event: 48.895 Thread 0x14a27c00 nmethod 349 0x02a0bf48 code [0x02a0c090, 0x02a0c32c]
Event: 48.898 Thread 0x14a27c00  350             com.badlogic.gdx.graphics.Texture::<init> (8 bytes)
Event: 48.898 Thread 0x14a27c00 nmethod 350 0x02a0c588 code [0x02a0c690, 0x02a0c748]
Event: 55.481 Thread 0x14a27c00  351             java.nio.DirectByteBuffer::<init> (24 bytes)
Event: 55.482 Thread 0x14a27c00 nmethod 351 0x02a0c808 code [0x02a0c900, 0x02a0ca0c]

GC Heap History (10 events):
Event: 42.944 GC heap before
{Heap before GC invocations=29 (full 0):
 def new generation   total 4928K, used 4567K [0x04a00000, 0x04f50000, 0x09f50000)
  eden space 4416K, 100% used [0x04a00000, 0x04e50000, 0x04e50000)
  from space 512K,  29% used [0x04ed0000, 0x04ef5e10, 0x04f50000)
  to   space 512K,   0% used [0x04e50000, 0x04e50000, 0x04ed0000)
 tenured generation   total 10944K, used 2264K [0x09f50000, 0x0aa00000, 0x14a00000)
   the space 10944K,  20% used [0x09f50000, 0x0a1862d0, 0x0a186400, 0x0aa00000)
 Metaspace       used 4103K, capacity 4161K, committed 4288K, reserved 4480K
Event: 42.945 GC heap after
Heap after GC invocations=30 (full 0):
 def new generation   total 4928K, used 155K [0x04a00000, 0x04f50000, 0x09f50000)
  eden space 4416K,   0% used [0x04a00000, 0x04a00000, 0x04e50000)
  from space 512K,  30% used [0x04e50000, 0x04e76e48, 0x04ed0000)
  to   space 512K,   0% used [0x04ed0000, 0x04ed0000, 0x04f50000)
 tenured generation   total 10944K, used 2274K [0x09f50000, 0x0aa00000, 0x14a00000)
   the space 10944K,  20% used [0x09f50000, 0x0a188848, 0x0a188a00, 0x0aa00000)
 Metaspace       used 4103K, capacity 4161K, committed 4288K, reserved 4480K
}
Event: 44.860 GC heap before
{Heap before GC invocations=30 (full 0):
 def new generation   total 4928K, used 4526K [0x04a00000, 0x04f50000, 0x09f50000)
  eden space 4416K,  98% used [0x04a00000, 0x04e44bc8, 0x04e50000)
  from space 512K,  30% used [0x04e50000, 0x04e76e48, 0x04ed0000)
  to   space 512K,   0% used [0x04ed0000, 0x04ed0000, 0x04f50000)
 tenured generation   total 10944K, used 2274K [0x09f50000, 0x0aa00000, 0x14a00000)
   the space 10944K,  20% used [0x09f50000, 0x0a188848, 0x0a188a00, 0x0aa00000)
 Metaspace       used 4103K, capacity 4161K, committed 4288K, reserved 4480K
Event: 44.862 GC heap after
Heap after GC invocations=31 (full 0):
 def new generation   total 4928K, used 155K [0x04a00000, 0x04f50000, 0x09f50000)
  eden space 4416K,   0% used [0x04a00000, 0x04a00000, 0x04e50000)
  from space 512K,  30% used [0x04ed0000, 0x04ef6e08, 0x04f50000)
  to   space 512K,   0% used [0x04e50000, 0x04e50000, 0x04ed0000)
 tenured generation   total 10944K, used 2283K [0x09f50000, 0x0aa00000, 0x14a00000)
   the space 10944K,  20% used [0x09f50000, 0x0a18acf0, 0x0a18ae00, 0x0aa00000)
 Metaspace       used 4103K, capacity 4161K, committed 4288K, reserved 4480K
}
Event: 50.749 GC heap before
{Heap before GC invocations=31 (full 0):
 def new generation   total 4928K, used 4466K [0x04a00000, 0x04f50000, 0x09f50000)
  eden space 4416K,  97% used [0x04a00000, 0x04e35a08, 0x04e50000)
  from space 512K,  30% used [0x04ed0000, 0x04ef6e08, 0x04f50000)
  to   space 512K,   0% used [0x04e50000, 0x04e50000, 0x04ed0000)
 tenured generation   total 10944K, used 2283K [0x09f50000, 0x0aa00000, 0x14a00000)
   the space 10944K,  20% used [0x09f50000, 0x0a18acf0, 0x0a18ae00, 0x0aa00000)
 Metaspace       used 4103K, capacity 4161K, committed 4288K, reserved 4480K
Event: 50.751 GC heap after
Heap after GC invocations=32 (full 0):
 def new generation   total 4928K, used 156K [0x04a00000, 0x04f50000, 0x09f50000)
  eden space 4416K,   0% used [0x04a00000, 0x04a00000, 0x04e50000)
  from space 512K,  30% used [0x04e50000, 0x04e77190, 0x04ed0000)
  to   space 512K,   0% used [0x04ed0000, 0x04ed0000, 0x04f50000)
 tenured generation   total 10944K, used 2292K [0x09f50000, 0x0aa00000, 0x14a00000)
   the space 10944K,  20% used [0x09f50000, 0x0a18d308, 0x0a18d400, 0x0aa00000)
 Metaspace       used 4103K, capacity 4161K, committed 4288K, reserved 4480K
}
Event: 53.194 GC heap before
{Heap before GC invocations=32 (full 0):
 def new generation   total 4928K, used 4572K [0x04a00000, 0x04f50000, 0x09f50000)
  eden space 4416K, 100% used [0x04a00000, 0x04e50000, 0x04e50000)
  from space 512K,  30% used [0x04e50000, 0x04e77190, 0x04ed0000)
  to   space 512K,   0% used [0x04ed0000, 0x04ed0000, 0x04f50000)
 tenured generation   total 10944K, used 2292K [0x09f50000, 0x0aa00000, 0x14a00000)
   the space 10944K,  20% used [0x09f50000, 0x0a18d308, 0x0a18d400, 0x0aa00000)
 Metaspace       used 4103K, capacity 4161K, committed 4288K, reserved 4480K
Event: 53.196 GC heap after
Heap after GC invocations=33 (full 0):
 def new generation   total 4928K, used 156K [0x04a00000, 0x04f50000, 0x09f50000)
  eden space 4416K,   0% used [0x04a00000, 0x04a00000, 0x04e50000)
  from space 512K,  30% used [0x04ed0000, 0x04ef7190, 0x04f50000)
  to   space 512K,   0% used [0x04e50000, 0x04e50000, 0x04ed0000)
 tenured generation   total 10944K, used 2302K [0x09f50000, 0x0aa00000, 0x14a00000)
   the space 10944K,  21% used [0x09f50000, 0x0a18f880, 0x0a18fa00, 0x0aa00000)
 Metaspace       used 4103K, capacity 4161K, committed 4288K, reserved 4480K
}
Event: 55.513 GC heap before
{Heap before GC invocations=33 (full 0):
 def new generation   total 4928K, used 4523K [0x04a00000, 0x04f50000, 0x09f50000)
  eden space 4416K,  98% used [0x04a00000, 0x04e43d48, 0x04e50000)
  from space 512K,  30% used [0x04ed0000, 0x04ef7190, 0x04f50000)
  to   space 512K,   0% used [0x04e50000, 0x04e50000, 0x04ed0000)
 tenured generation   total 10944K, used 2302K [0x09f50000, 0x0aa00000, 0x14a00000)
   the space 10944K,  21% used [0x09f50000, 0x0a18f880, 0x0a18fa00, 0x0aa00000)
 Metaspace       used 4103K, capacity 4161K, committed 4288K, reserved 4480K
Event: 55.515 GC heap after
Heap after GC invocations=34 (full 0):
 def new generation   total 4928K, used 156K [0x04a00000, 0x04f50000, 0x09f50000)
  eden space 4416K,   0% used [0x04a00000, 0x04a00000, 0x04e50000)
  from space 512K,  30% used [0x04e50000, 0x04e77150, 0x04ed0000)
  to   space 512K,   0% used [0x04ed0000, 0x04ed0000, 0x04f50000)
 tenured generation   total 10944K, used 2311K [0x09f50000, 0x0aa00000, 0x14a00000)
   the space 10944K,  21% used [0x09f50000, 0x0a191d28, 0x0a191e00, 0x0aa00000)
 Metaspace       used 4103K, capacity 4161K, committed 4288K, reserved 4480K
}

Deoptimization events (0 events):
No events

Classes redefined (0 events):
No events

Internal exceptions (10 events):
Event: 2.032 Thread 0x0004e000 Exception <a 'java/security/PrivilegedActionException'> (0x04bcad88) thrown at [C:\workspace\8-2-build-windows-i586-cygwin\jdk8u181\11358\hotspot\src\share\vm\prims\jvm.cpp, line 1435]
Event: 2.032 Thread 0x0004e000 Exception <a 'java/security/PrivilegedActionException'> (0x04bcaf88) thrown at [C:\workspace\8-2-build-windows-i586-cygwin\jdk8u181\11358\hotspot\src\share\vm\prims\jvm.cpp, line 1435]
Event: 2.033 Thread 0x0004e000 Exception <a 'java/security/PrivilegedActionException'> (0x04bcedc0) thrown at [C:\workspace\8-2-build-windows-i586-cygwin\jdk8u181\11358\hotspot\src\share\vm\prims\jvm.cpp, line 1435]
Event: 2.033 Thread 0x0004e000 Exception <a 'java/security/PrivilegedActionException'> (0x04bcefc0) thrown at [C:\workspace\8-2-build-windows-i586-cygwin\jdk8u181\11358\hotspot\src\share\vm\prims\jvm.cpp, line 1435]
Event: 2.906 Thread 0x0004e000 Exception <a 'java/security/PrivilegedActionException'> (0x04cb2ee0) thrown at [C:\workspace\8-2-build-windows-i586-cygwin\jdk8u181\11358\hotspot\src\share\vm\prims\jvm.cpp, line 1435]
Event: 2.906 Thread 0x0004e000 Exception <a 'java/security/PrivilegedActionException'> (0x04cb4968) thrown at [C:\workspace\8-2-build-windows-i586-cygwin\jdk8u181\11358\hotspot\src\share\vm\prims\jvm.cpp, line 1435]
Event: 2.906 Thread 0x0004e000 Exception <a 'java/security/PrivilegedActionException'> (0x04cb59c0) thrown at [C:\workspace\8-2-build-windows-i586-cygwin\jdk8u181\11358\hotspot\src\share\vm\prims\jvm.cpp, line 1435]
Event: 2.931 Thread 0x0004e000 Exception <a 'java/security/PrivilegedActionException'> (0x04cba4b8) thrown at [C:\workspace\8-2-build-windows-i586-cygwin\jdk8u181\11358\hotspot\src\share\vm\prims\jvm.cpp, line 1435]
Event: 2.931 Thread 0x0004e000 Exception <a 'java/security/PrivilegedActionException'> (0x04cbb078) thrown at [C:\workspace\8-2-build-windows-i586-cygwin\jdk8u181\11358\hotspot\src\share\vm\prims\jvm.cpp, line 1435]
Event: 2.931 Thread 0x0004e000 Exception <a 'java/security/PrivilegedActionException'> (0x04cbbbf8) thrown at [C:\workspace\8-2-build-windows-i586-cygwin\jdk8u181\11358\hotspot\src\share\vm\prims\jvm.cpp, line 1435]

Events (10 events):
Event: 42.943 Executing VM operation: GenCollectForAllocation
Event: 42.945 Executing VM operation: GenCollectForAllocation done
Event: 44.859 Executing VM operation: GenCollectForAllocation
Event: 44.862 Executing VM operation: GenCollectForAllocation done
Event: 50.748 Executing VM operation: GenCollectForAllocation
Event: 50.751 Executing VM operation: GenCollectForAllocation done
Event: 53.194 Executing VM operation: GenCollectForAllocation
Event: 53.196 Executing VM operation: GenCollectForAllocation done
Event: 55.512 Executing VM operation: GenCollectForAllocation
Event: 55.515 Executing VM operation: GenCollectForAllocation done


Dynamic libraries:
0x01140000 - 0x01173000 	C:\Program Files (x86)\Java\jre1.8.0_181\bin\javaw.exe
0x77b50000 - 0x77ce0000 	C:\WINDOWS\SYSTEM32\ntdll.dll
0x77370000 - 0x77450000 	C:\WINDOWS\System32\KERNEL32.DLL
0x75270000 - 0x75454000 	C:\WINDOWS\System32\KERNELBASE.dll
0x75750000 - 0x757c8000 	C:\WINDOWS\System32\ADVAPI32.dll
0x74bf0000 - 0x74caf000 	C:\WINDOWS\System32\msvcrt.dll
0x74430000 - 0x74474000 	C:\WINDOWS\System32\sechost.dll
0x74520000 - 0x745e0000 	C:\WINDOWS\System32\RPCRT4.dll
0x74410000 - 0x74430000 	C:\WINDOWS\System32\SspiCli.dll
0x74400000 - 0x7440a000 	C:\WINDOWS\System32\CRYPTBASE.dll
0x75160000 - 0x751b8000 	C:\WINDOWS\System32\bcryptPrimitives.dll
0x755a0000 - 0x7572d000 	C:\WINDOWS\System32\USER32.dll
0x74cb0000 - 0x74cc7000 	C:\WINDOWS\System32\win32u.dll
0x754c0000 - 0x754e2000 	C:\WINDOWS\System32\GDI32.dll
0x74870000 - 0x749d4000 	C:\WINDOWS\System32\gdi32full.dll
0x74a40000 - 0x74abd000 	C:\WINDOWS\System32\msvcp_win.dll
0x745e0000 - 0x746fd000 	C:\WINDOWS\System32\ucrtbase.dll
0x6c430000 - 0x6c634000 	C:\WINDOWS\WinSxS\x86_microsoft.windows.common-controls_6595b64144ccf1df_6.0.17134.648_none_42f2d7c044decfd8\COMCTL32.dll
0x75dc0000 - 0x7601c000 	C:\WINDOWS\System32\combase.dll
0x77600000 - 0x77626000 	C:\WINDOWS\System32\IMM32.DLL
0x631f0000 - 0x632af000 	C:\Program Files (x86)\Java\jre1.8.0_181\bin\msvcr100.dll
0x607c0000 - 0x60b93000 	C:\Program Files (x86)\Java\jre1.8.0_181\bin\client\jvm.dll
0x75db0000 - 0x75db6000 	C:\WINDOWS\System32\PSAPI.DLL
0x69d00000 - 0x69d08000 	C:\WINDOWS\SYSTEM32\WSOCK32.dll
0x6f390000 - 0x6f3b4000 	C:\WINDOWS\SYSTEM32\WINMM.dll
0x74160000 - 0x74168000 	C:\WINDOWS\SYSTEM32\VERSION.dll
0x751c0000 - 0x75227000 	C:\WINDOWS\System32\WS2_32.dll
0x6f360000 - 0x6f383000 	C:\WINDOWS\SYSTEM32\winmmbase.dll
0x75230000 - 0x75269000 	C:\WINDOWS\System32\cfgmgr32.dll
0x6ef00000 - 0x6ef0c000 	C:\Program Files (x86)\Java\jre1.8.0_181\bin\verify.dll
0x6cd10000 - 0x6cd32000 	C:\Program Files (x86)\Java\jre1.8.0_181\bin\java.dll
0x6ccb0000 - 0x6ccc4000 	C:\Program Files (x86)\Java\jre1.8.0_181\bin\zip.dll
0x76020000 - 0x7736a000 	C:\WINDOWS\System32\SHELL32.dll
0x74490000 - 0x74518000 	C:\WINDOWS\System32\shcore.dll
0x757f0000 - 0x75daa000 	C:\WINDOWS\System32\windows.storage.dll
0x74720000 - 0x74765000 	C:\WINDOWS\System32\shlwapi.dll
0x74480000 - 0x7448f000 	C:\WINDOWS\System32\kernel.appcore.dll
0x74700000 - 0x74718000 	C:\WINDOWS\System32\profapi.dll
0x74ac0000 - 0x74b05000 	C:\WINDOWS\System32\powrprof.dll
0x75740000 - 0x75748000 	C:\WINDOWS\System32\FLTLIB.DLL
0x6cec0000 - 0x6cf33000 	C:\Users\Kevin\AppData\Local\Temp\libgdxKevin\8e8a55dd\gdx.dll
0x725b0000 - 0x725c3000 	C:\WINDOWS\SYSTEM32\CRYPTSP.dll
0x72580000 - 0x725af000 	C:\WINDOWS\system32\rsaenh.dll
0x72560000 - 0x72579000 	C:\WINDOWS\SYSTEM32\bcrypt.dll
0x742e0000 - 0x74301000 	C:\WINDOWS\SYSTEM32\USERENV.dll
0x6cc90000 - 0x6cca5000 	C:\Program Files (x86)\Java\jre1.8.0_181\bin\net.dll
0x71a10000 - 0x71a66000 	C:\WINDOWS\system32\mswsock.dll
0x6e950000 - 0x6e980000 	C:\WINDOWS\SYSTEM32\IPHLPAPI.DLL
0x75730000 - 0x75737000 	C:\WINDOWS\System32\NSI.dll
0x6b4c0000 - 0x6b4d3000 	C:\WINDOWS\SYSTEM32\dhcpcsvc6.DLL
0x6b4a0000 - 0x6b4b4000 	C:\WINDOWS\SYSTEM32\dhcpcsvc.DLL
0x6cd00000 - 0x6cd0f000 	C:\Program Files (x86)\Java\jre1.8.0_181\bin\nio.dll
0x156b0000 - 0x156ff000 	C:\Users\Kevin\AppData\Local\Temp\libgdxKevin\68069333\lwjgl.dll
0x66560000 - 0x66639000 	C:\WINDOWS\SYSTEM32\OPENGL32.dll
0x66520000 - 0x6655f000 	C:\WINDOWS\SYSTEM32\GLU32.dll
0x15700000 - 0x15765000 	C:\Users\Kevin\AppData\Local\Temp\libgdxKevin\68069333\OpenAL32.dll
0x74770000 - 0x7486c000 	C:\WINDOWS\System32\ole32.dll
0x703e0000 - 0x7045c000 	C:\WINDOWS\system32\uxtheme.dll
0x75070000 - 0x750f3000 	C:\WINDOWS\System32\clbcatq.dll
0x6f140000 - 0x6f2c0000 	C:\WINDOWS\System32\PROPSYS.dll
0x75500000 - 0x75596000 	C:\WINDOWS\System32\OLEAUT32.dll
0x64fd0000 - 0x65051000 	C:\WINDOWS\SYSTEM32\dsound.dll
0x6f2c0000 - 0x6f31c000 	C:\WINDOWS\System32\MMDevApi.dll
0x74260000 - 0x74282000 	C:\WINDOWS\System32\DEVOBJ.dll
0x6f040000 - 0x6f13b000 	C:\WINDOWS\SYSTEM32\AUDIOSES.DLL
0x6eef0000 - 0x6eef8000 	C:\WINDOWS\SYSTEM32\AVRT.dll
0x6ee10000 - 0x6eee6000 	C:\WINDOWS\SYSTEM32\wintypes.dll
0x77460000 - 0x775a3000 	C:\WINDOWS\System32\MSCTF.dll
0x6f320000 - 0x6f343000 	C:\WINDOWS\system32\dwmapi.dll
0x56910000 - 0x5698d000 	C:\WINDOWS\System32\TextInputFramework.dll
0x56750000 - 0x567db000 	C:\WINDOWS\System32\CoreMessaging.dll
0x564f0000 - 0x5674d000 	C:\WINDOWS\System32\CoreUIComponents.dll
0x714c0000 - 0x714e9000 	C:\WINDOWS\SYSTEM32\ntmarta.dll
0x6b180000 - 0x6b1d6000 	C:\WINDOWS\system32\Oleacc.dll
0x50870000 - 0x5129a000 	C:\WINDOWS\System32\DriverStore\FileRepository\igdlh64.inf_amd64_463164d40c3d26ce\ig9icd32.dll
0x74310000 - 0x7431f000 	C:\WINDOWS\SYSTEM32\WTSAPI32.dll
0x6c640000 - 0x6c6ce000 	C:\WINDOWS\SYSTEM32\mscms.dll
0x6b160000 - 0x6b16c000 	C:\WINDOWS\SYSTEM32\ColorAdapterClient.dll
0x65270000 - 0x652ae000 	C:\WINDOWS\SYSTEM32\icm32.dll
0x5f870000 - 0x6074c000 	C:\WINDOWS\System32\DriverStore\FileRepository\igdlh64.inf_amd64_463164d40c3d26ce\igc32.dll
0x67dd0000 - 0x67e68000 	C:\WINDOWS\SYSTEM32\dxgi.dll
0x67a00000 - 0x67c52000 	C:\WINDOWS\SYSTEM32\d3d11.dll
0x61f40000 - 0x62ff9000 	C:\WINDOWS\System32\DriverStore\FileRepository\igdlh64.inf_amd64_463164d40c3d26ce\igd10iumd32.dll
0x684d0000 - 0x684ef000 	C:\WINDOWS\SYSTEM32\ncrypt.dll
0x68390000 - 0x683bd000 	C:\WINDOWS\SYSTEM32\NTASN1.dll
0x6ec80000 - 0x6ee02000 	C:\WINDOWS\SYSTEM32\dbghelp.dll

VM Arguments:
jvm_args: -Dfile.encoding=Cp1252 
java_command: HelloWorld
java_class_path (initial): C:\Program Files (x86)\Java\jre1.8.0_181\lib\resources.jar;C:\Program Files (x86)\Java\jre1.8.0_181\lib\rt.jar;C:\Program Files (x86)\Java\jre1.8.0_181\lib\jsse.jar;C:\Program Files (x86)\Java\jre1.8.0_181\lib\jce.jar;C:\Program Files (x86)\Java\jre1.8.0_181\lib\charsets.jar;C:\Program Files (x86)\Java\jre1.8.0_181\lib\jfr.jar;C:\Program Files (x86)\Java\jre1.8.0_181\lib\ext\access-bridge-32.jar;C:\Program Files (x86)\Java\jre1.8.0_181\lib\ext\cldrdata.jar;C:\Program Files (x86)\Java\jre1.8.0_181\lib\ext\dnsns.jar;C:\Program Files (x86)\Java\jre1.8.0_181\lib\ext\jaccess.jar;C:\Program Files (x86)\Java\jre1.8.0_181\lib\ext\jfxrt.jar;C:\Program Files (x86)\Java\jre1.8.0_181\lib\ext\localedata.jar;C:\Program Files (x86)\Java\jre1.8.0_181\lib\ext\nashorn.jar;C:\Program Files (x86)\Java\jre1.8.0_181\lib\ext\sunec.jar;C:\Program Files (x86)\Java\jre1.8.0_181\lib\ext\sunjce_provider.jar;C:\Program Files (x86)\Java\jre1.8.0_181\lib\ext\sunmscapi.jar;C:\Program Files (x86)\Java\jre1.8.0_181\lib\ext\sunpkcs11.jar;C:\Program Files (x86)\Java\jre1.8.0_181\lib\ext\zipfs.jar;C:\Users\Kevin\Documents\GitHub\TeamSoftwareProjectST6\SealTeam6Game\bin;C:\Libraries\gdx.jar;C:\Libraries\gdx-backend-android.jar;C:\Libraries\gdx-backend-gwt.jar;C:\Libraries\gdx-backend-headless.jar;C:\Libraries\gdx-backend-jglfw.jar;C:\Libraries\gdx-backend-jglfw-natives.jar;C:\Libraries\gdx-backend-lwjgl.jar;C:\Libraries\gdx-backend-lwjgl-natives.jar;C:\Libraries\gdx-backend-robovm.jar;C:\Libraries\gdx-natives.jar;C:\Libraries\gdx-setup.jar;C:\Users\Kevin\Documents\GitHub\TeamSoftwareProjectST6\SealTeam6Game\gdx-box2d\gdx-box2d-gwt.jar;C:\Users\Kevin\Documents\GitHub\TeamSoftwareProjectST6\SealTeam6Game\gdx-box2d\gdx-box2d-natives.jar;C:\Users\Kevin\Documents\GitHub\TeamSoftwareProjectST6\SealTeam6Game\gdx-box2d\gdx-box2d.jar;C:\Users\Kevin\Documents\GitHub\TeamSoftwareProjectST6\SealTeam6Game\sources\gdx-backend-android-sources.jar;C:\Users\Kevin\Documents\GitHub\TeamSoftwar
Launcher Type: SUN_STANDARD

Environment Variables:
PATH=C:/Program Files (x86)/Java/jre1.8.0_181/bin/client;C:/Program Files (x86)/Java/jre1.8.0_181/bin;C:/Program Files (x86)/Java/jre1.8.0_181/lib/i386;C:\Program Files (x86)\Common Files\Oracle\Java\javapath;C:\Program Files (x86)\Intel\iCLS Client\;C:\Program Files\Intel\iCLS Client\;C:\WINDOWS\system32;C:\WINDOWS;C:\WINDOWS\System32\Wbem;C:\WINDOWS\System32\WindowsPowerShell\v1.0\;C:\Program Files (x86)\Intel\Intel(R) Management Engine Components\DAL;C:\Program Files\Intel\Intel(R) Management Engine Components\DAL;C:\Program Files (x86)\Intel\Intel(R) Management Engine Components\IPT;C:\Program Files\Intel\Intel(R) Management Engine Components\IPT;C:\Program Files\Intel\WiFi\bin\;C:\Program Files\Common Files\Intel\WirelessCommon\;C:\WINDOWS\System32\OpenSSH\;C:\Program Files\PuTTY\;C:\Users\Kevin\AppData\Local\Microsoft\WindowsApps;C:\Users\Kevin\AppData\Local\GitHubDesktop\bin;C:\Users\Kevin\Documents\eclipse;
USERNAME=Kevin
OS=Windows_NT
PROCESSOR_IDENTIFIER=Intel64 Family 6 Model 78 Stepping 3, GenuineIntel



---------------  S Y S T E M  ---------------

OS: Windows 10.0 , 64 bit Build 17134 (10.0.17134.648)

CPU:total 4 (initial active 4) (2 cores per cpu, 2 threads per core) family 6 model 78 stepping 3, cmov, cx8, fxsr, mmx, sse, sse2, sse3, ssse3, sse4.1, sse4.2, popcnt, avx, avx2, aes, clmul, erms, 3dnowpref, lzcnt, ht, tsc, tscinvbit, bmi1, bmi2, adx

Memory: 4k page, physical 12443928k(1878096k free), swap 33091372k(12409524k free)

vm_info: Java HotSpot(TM) Client VM (25.181-b13) for windows-x86 JRE (1.8.0_181-b13), built on Jul  7 2018 03:18:20 by "java_re" with MS VC++ 10.0 (VS2010)

time: Wed Mar 27 11:31:29 2019
elapsed time: 73 seconds (0d 0h 1m 13s)

